<?xml version="1.0" encoding="UTF-8"?>
<testng-results skipped="0" failed="0" total="1" passed="1">
  <reporter-output>
  </reporter-output>
  <suite name="Default suite" duration-ms="992" started-at="2015-05-10T20:07:33Z" finished-at="2015-05-10T20:07:34Z">
    <groups>
    </groups>
    <test name="Default test" duration-ms="992" started-at="2015-05-10T20:07:33Z" finished-at="2015-05-10T20:07:34Z">
      <class name="com.FCI.SWE.Services.HashTagServicesTest">
        <test-method status="PASS" signature="setUp()[pri:0, instance:com.FCI.SWE.Services.HashTagServicesTest@23852c7f]" name="setUp" is-config="true" duration-ms="120" started-at="2015-05-10T22:07:33Z" finished-at="2015-05-10T22:07:33Z">
          <reporter-output>
          </reporter-output>
        </test-method> <!-- setUp -->
        <test-method status="PASS" signature="createHashtag()[pri:0, instance:com.FCI.SWE.Services.HashTagServicesTest@23852c7f]" name="createHashtag" duration-ms="281" started-at="2015-05-10T22:07:33Z" finished-at="2015-05-10T22:07:33Z">
          <reporter-output>
          </reporter-output>
        </test-method> <!-- createHashtag -->
        <test-method status="PASS" signature="tearDown()[pri:0, instance:com.FCI.SWE.Services.HashTagServicesTest@23852c7f]" name="tearDown" is-config="true" duration-ms="550" started-at="2015-05-10T22:07:33Z" finished-at="2015-05-10T22:07:34Z">
          <reporter-output>
          </reporter-output>
        </test-method> <!-- tearDown -->
      </class> <!-- com.FCI.SWE.Services.HashTagServicesTest -->
    </test> <!-- Default test -->
  </suite> <!-- Default suite -->
</testng-results>
