<?xml version="1.0" encoding="UTF-8"?>
<testng-results skipped="0" failed="0" total="1" passed="1">
  <reporter-output>
  </reporter-output>
  <suite name="Default suite" duration-ms="576" started-at="2015-05-10T21:29:56Z" finished-at="2015-05-10T21:29:56Z">
    <groups>
    </groups>
    <test name="Default test" duration-ms="576" started-at="2015-05-10T21:29:56Z" finished-at="2015-05-10T21:29:56Z">
      <class name="com.FCI.SWE.Services.MsgServicesTest">
        <test-method status="PASS" signature="setUp()[pri:0, instance:com.FCI.SWE.Services.MsgServicesTest@4349c220]" name="setUp" is-config="true" duration-ms="75" started-at="2015-05-10T23:29:56Z" finished-at="2015-05-10T23:29:56Z">
          <reporter-output>
          </reporter-output>
        </test-method> <!-- setUp -->
        <test-method status="PASS" signature="sendMsg()[pri:0, instance:com.FCI.SWE.Services.MsgServicesTest@4349c220]" name="sendMsg" duration-ms="96" started-at="2015-05-10T23:29:56Z" finished-at="2015-05-10T23:29:56Z">
          <reporter-output>
          </reporter-output>
        </test-method> <!-- sendMsg -->
        <test-method status="PASS" signature="tearDown()[pri:0, instance:com.FCI.SWE.Services.MsgServicesTest@4349c220]" name="tearDown" is-config="true" duration-ms="380" started-at="2015-05-10T23:29:56Z" finished-at="2015-05-10T23:29:56Z">
          <reporter-output>
          </reporter-output>
        </test-method> <!-- tearDown -->
      </class> <!-- com.FCI.SWE.Services.MsgServicesTest -->
    </test> <!-- Default test -->
  </suite> <!-- Default suite -->
</testng-results>
